[2021-09-26T12:12:03Z] Started EB User Data
+ SLEEP_TIME=10
+ SLEEP_TIME_MAX=3600
+ true
+ curl https://elasticbeanstalk-platform-assets-ap-southeast-2.s3.ap-southeast-2.amazonaws.com/stalks/eb_nodejs12_amazon_linux_2_1.0.1163.0_20210827231701/lib/UserDataScript.sh
  % Total    % Received % Xferd  Average Speed   Time    Time     Time  Current
                                 Dload  Upload   Total   Spent    Left  Speed
  0     0    0     0    0     0      0      0 --:--:-- --:--:-- --:--:--     0100  4627  100  4627    0     0  92540      0 --:--:-- --:--:-- --:--:-- 92540
+ RESULT=0
+ [[ 0 -ne 0 ]]
+ SLEEP_TIME=2
+ /bin/bash /tmp/ebbootstrap.sh 'https://cloudformation-waitcondition-ap-southeast-2.s3-ap-southeast-2.amazonaws.com/arn%3Aaws%3Acloudformation%3Aap-southeast-2%3A892743736725%3Astack/awseb-e-gpnpmr42yc-stack/cb89d7e0-1ec2-11ec-8fdc-02ed6fa4bc10/AWSEBInstanceLaunchWaitHandle?X-Amz-Algorithm=AWS4-HMAC-SHA256&X-Amz-Date=20210926T121057Z&X-Amz-SignedHeaders=host&X-Amz-Expires=86399&X-Amz-Credential=AKIAJFPIODYW2LZEHVZA%2F20210926%2Fap-southeast-2%2Fs3%2Faws4_request&X-Amz-Signature=477f35158af1cbfe830bb2d653bce620d34091df1931296ccbe3784db0ac93c5' arn:aws:cloudformation:ap-southeast-2:892743736725:stack/awseb-e-gpnpmr42yc-stack/cb89d7e0-1ec2-11ec-8fdc-02ed6fa4bc10 3c8ab47d-7e24-4507-a96d-8f0759aa27cf https://elasticbeanstalk-health.ap-southeast-2.amazonaws.com '' https://elasticbeanstalk-platform-assets-ap-southeast-2.s3.ap-southeast-2.amazonaws.com/stalks/eb_nodejs12_amazon_linux_2_1.0.1163.0_20210827231701 ap-southeast-2
[2021-09-26T12:12:03.896Z] Started EB Bootstrapping Script.
[2021-09-26T12:12:03.917Z] Received parameters:
 TARBALLS = 
 EB_GEMS = 
 SIGNAL_URL = https://cloudformation-waitcondition-ap-southeast-2.s3-ap-southeast-2.amazonaws.com/arn%3Aaws%3Acloudformation%3Aap-southeast-2%3A892743736725%3Astack/awseb-e-gpnpmr42yc-stack/cb89d7e0-1ec2-11ec-8fdc-02ed6fa4bc10/AWSEBInstanceLaunchWaitHandle?X-Amz-Algorithm=AWS4-HMAC-SHA256&X-Amz-Date=20210926T121057Z&X-Amz-SignedHeaders=host&X-Amz-Expires=86399&X-Amz-Credential=AKIAJFPIODYW2LZEHVZA%2F20210926%2Fap-southeast-2%2Fs3%2Faws4_request&X-Amz-Signature=477f35158af1cbfe830bb2d653bce620d34091df1931296ccbe3784db0ac93c5
 STACK_ID = arn:aws:cloudformation:ap-southeast-2:892743736725:stack/awseb-e-gpnpmr42yc-stack/cb89d7e0-1ec2-11ec-8fdc-02ed6fa4bc10
 REGION = ap-southeast-2
 GUID = 
 HEALTHD_GROUP_ID = 3c8ab47d-7e24-4507-a96d-8f0759aa27cf
 HEALTHD_ENDPOINT = https://elasticbeanstalk-health.ap-southeast-2.amazonaws.com
 PROXY_SERVER = 
 HEALTHD_PROXY_LOG_LOCATION = 
 PLATFORM_ASSETS_URL = https://elasticbeanstalk-platform-assets-ap-southeast-2.s3.ap-southeast-2.amazonaws.com/stalks/eb_nodejs12_amazon_linux_2_1.0.1163.0_20210827231701
[2021-09-26T12:12:03.941Z] engine url is set to https://elasticbeanstalk-platform-assets-ap-southeast-2.s3.ap-southeast-2.amazonaws.com/stalks/eb_nodejs12_amazon_linux_2_1.0.1163.0_20210827231701/lib/platform-engine.zip
[2021-09-26T12:12:04.010Z] first init of instance.
[2021-09-26T12:12:04.030Z] Started executing cfn_init _OnInstanceBoot.
[2021-09-26T12:12:04.042Z] Running cfn-init ConfigSet: _OnInstanceBoot.
[2021-09-26T12:12:04.123Z] Using stack-id from userdata
[2021-09-26T12:12:05.292Z] Command Returned: 
[2021-09-26T12:12:05.297Z] Completed executing cfn_init.
[2021-09-26T12:12:05.303Z] finished _OnInstanceBoot
--2021-09-26 12:12:05--  https://elasticbeanstalk-platform-assets-ap-southeast-2.s3.ap-southeast-2.amazonaws.com/stalks/eb_nodejs12_amazon_linux_2_1.0.1163.0_20210827231701/lib/platform-engine.zip
Resolving elasticbeanstalk-platform-assets-ap-southeast-2.s3.ap-southeast-2.amazonaws.com (elasticbeanstalk-platform-assets-ap-southeast-2.s3.ap-southeast-2.amazonaws.com)... 52.95.132.98
Connecting to elasticbeanstalk-platform-assets-ap-southeast-2.s3.ap-southeast-2.amazonaws.com (elasticbeanstalk-platform-assets-ap-southeast-2.s3.ap-southeast-2.amazonaws.com)|52.95.132.98|:443... connected.
HTTP request sent, awaiting response... 200 OK
Length: 20614705 (20M) [application/zip]
Saving to: ‘/tmp/platform-engine.zip’

     0K .......... .......... .......... .......... ..........  0% 8.06M 2s
    50K .......... .......... .......... .......... ..........  0% 9.00M 2s
   100K .......... .......... .......... .......... ..........  0% 6.36M 3s
   150K .......... .......... .......... .......... ..........  0% 72.2M 2s
   200K .......... .......... .......... .......... ..........  1% 17.6M 2s
   250K .......... .......... .......... .......... ..........  1% 4.57M 2s
   300K .......... .......... .......... .......... ..........  1%  147M 2s
   350K .......... .......... .......... .......... ..........  1% 3.73M 2s
   400K .......... .......... .......... .......... ..........  2% 5.87M 2s
   450K .......... .......... .......... .......... ..........  2% 79.2M 2s
   500K .......... .......... .......... .......... ..........  2% 6.60M 2s
   550K .......... .......... .......... .......... ..........  2%  244M 2s
   600K .......... .......... .......... .......... ..........  3% 7.79M 2s
   650K .......... .......... .......... .......... ..........  3% 5.64M 2s
   700K .......... .......... .......... .......... ..........  3% 74.3M 2s
   750K .......... .......... .......... .......... ..........  3% 7.02M 2s
   800K .......... .......... .......... .......... ..........  4% 94.9M 2s
   850K .......... .......... .......... .......... ..........  4% 6.89M 2s
   900K .......... .......... .......... .......... ..........  4% 79.5M 2s
   950K .......... .......... .......... .......... ..........  4% 5.42M 2s
  1000K .......... .......... .......... .......... ..........  5% 5.01M 2s
  1050K .......... .......... .......... .......... ..........  5%  243M 2s
  1100K .......... .......... .......... .......... ..........  5% 6.27M 2s
  1150K .......... .......... .......... .......... ..........  5%  185M 2s
  1200K .......... .......... .......... .......... ..........  6% 3.89M 2s
  1250K .......... .......... .......... .......... ..........  6%  208M 2s
  1300K .......... .......... .......... .......... ..........  6% 83.9M 2s
  1350K .......... .......... .......... .......... ..........  6% 6.47M 2s
  1400K .......... .......... .......... .......... ..........  7% 92.6M 2s
  1450K .......... .......... .......... .......... ..........  7% 7.27M 2s
  1500K .......... .......... .......... .......... ..........  7%  239M 2s
  1550K .......... .......... .......... .......... ..........  7% 3.14M 2s
  1600K .......... .......... .......... .......... ..........  8%  256M 2s
  1650K .......... .......... .......... .......... ..........  8%  161M 2s
  1700K .......... .......... .......... .......... ..........  8% 5.41M 2s
  1750K .......... .......... .......... .......... ..........  8%  232M 2s
  1800K .......... .......... .......... .......... ..........  9%  144M 2s
  1850K .......... .......... .......... .......... ..........  9% 90.1M 2s
  1900K .......... .......... .......... .......... ..........  9% 5.21M 2s
  1950K .......... .......... .......... .......... ..........  9%  242M 2s
  2000K .......... .......... .......... .......... .......... 10%  163M 2s
  2050K .......... .......... .......... .......... .......... 10% 4.26M 2s
  2100K .......... .......... .......... .......... .......... 10%  231M 2s
  2150K .......... .......... .......... .......... .......... 10% 60.7M 2s
  2200K .......... .......... .......... .......... .......... 11% 6.03M 2s
  2250K .......... .......... .......... .......... .......... 11%  196M 2s
  2300K .......... .......... .......... .......... .......... 11% 5.66M 2s
  2350K .......... .......... .......... .......... .......... 11%  234M 2s
  2400K .......... .......... .......... .......... .......... 12%  183M 2s
  2450K .......... .......... .......... .......... .......... 12%  297M 2s
  2500K .......... .......... .......... .......... .......... 12% 5.45M 2s
  2550K .......... .......... .......... .......... .......... 12%  174M 2s
  2600K .......... .......... .......... .......... .......... 13%  256M 1s
  2650K .......... .......... .......... .......... .......... 13% 5.43M 2s
  2700K .......... .......... .......... .......... .......... 13%  237M 1s
  2750K .......... .......... .......... .......... .......... 13%  164M 1s
  2800K .......... .......... .......... .......... .......... 14%  259M 1s
  2850K .......... .......... .......... .......... .......... 14% 5.41M 1s
  2900K .......... .......... .......... .......... .......... 14%  179M 1s
  2950K .......... .......... .......... .......... .......... 14%  254M 1s
  3000K .......... .......... .......... .......... .......... 15% 6.21M 1s
  3050K .......... .......... .......... .......... .......... 15%  231M 1s
  3100K .......... .......... .......... .......... .......... 15%  156M 1s
  3150K .......... .......... .......... .......... .......... 15%  262M 1s
  3200K .......... .......... .......... .......... .......... 16% 4.90M 1s
  3250K .......... .......... .......... .......... .......... 16%  246M 1s
  3300K .......... .......... .......... .......... .......... 16%  169M 1s
  3350K .......... .......... .......... .......... .......... 16%  258M 1s
  3400K .......... .......... .......... .......... .......... 17%  258M 1s
  3450K .......... .......... .......... .......... .......... 17% 5.05M 1s
  3500K .......... .......... .......... .......... .......... 17%  144M 1s
  3550K .......... .......... .......... .......... .......... 17%  246M 1s
  3600K .......... .......... .......... .......... .......... 18%  261M 1s
  3650K .......... .......... .......... .......... .......... 18% 5.26M 1s
  3700K .......... .......... .......... .......... .......... 18%  249M 1s
  3750K .......... .......... .......... .......... .......... 18%  285M 1s
  3800K .......... .......... .......... .......... .......... 19%  264M 1s
  3850K .......... .......... .......... .......... .......... 19%  255M 1s
  3900K .......... .......... .......... .......... .......... 19% 4.91M 1s
  3950K .......... .......... .......... .......... .......... 19%  157M 1s
  4000K .......... .......... .......... .......... .......... 20%  245M 1s
  4050K .......... .......... .......... .......... .......... 20%  256M 1s
  4100K .......... .......... .......... .......... .......... 20% 5.73M 1s
  4150K .......... .......... .......... .......... .......... 20%  275M 1s
  4200K .......... .......... .......... .......... .......... 21%  154M 1s
  4250K .......... .......... .......... .......... .......... 21%  249M 1s
  4300K .......... .......... .......... .......... .......... 21%  262M 1s
  4350K .......... .......... .......... .......... .......... 21% 4.44M 1s
  4400K .......... .......... .......... .......... .......... 22%  248M 1s
  4450K .......... .......... .......... .......... .......... 22%  147M 1s
  4500K .......... .......... .......... .......... .......... 22%  259M 1s
  4550K .......... .......... .......... .......... .......... 22%  274M 1s
  4600K .......... .......... .......... .......... .......... 23%  280M 1s
  4650K .......... .......... .......... .......... .......... 23% 4.65M 1s
  4700K .......... .......... .......... .......... .......... 23%  252M 1s
  4750K .......... .......... .......... .......... .......... 23%  143M 1s
  4800K .......... .......... .......... .......... .......... 24%  259M 1s
  4850K .......... .......... .......... .......... .......... 24%  271M 1s
  4900K .......... .......... .......... .......... .......... 24% 3.68M 1s
  4950K .......... .......... .......... .......... .......... 24%  249M 1s
  5000K .......... .......... .......... .......... .......... 25%  149M 1s
  5050K .......... .......... .......... .......... .......... 25%  268M 1s
  5100K .......... .......... .......... .......... .......... 25%  236M 1s
  5150K .......... .......... .......... .......... .......... 25%  263M 1s
  5200K .......... .......... .......... .......... .......... 26% 4.28M 1s
  5250K .......... .......... .......... .......... .......... 26%  244M 1s
  5300K .......... .......... .......... .......... .......... 26%  132M 1s
  5350K .......... .......... .......... .......... .......... 26%  248M 1s
  5400K .......... .......... .......... .......... .......... 27%  275M 1s
  5450K .......... .......... .......... .......... .......... 27%  295M 1s
  5500K .......... .......... .......... .......... .......... 27%  263M 1s
  5550K .......... .......... .......... .......... .......... 27% 4.15M 1s
  5600K .......... .......... .......... .......... .......... 28%  138M 1s
  5650K .......... .......... .......... .......... .......... 28%  257M 1s
  5700K .......... .......... .......... .......... .......... 28%  267M 1s
  5750K .......... .......... .......... .......... .......... 28%  260M 1s
  5800K .......... .......... .......... .......... .......... 29%  269M 1s
  5850K .......... .......... .......... .......... .......... 29% 3.71M 1s
  5900K .......... .......... .......... .......... .......... 29%  264M 1s
  5950K .......... .......... .......... .......... .......... 29%  132M 1s
  6000K .......... .......... .......... .......... .......... 30%  244M 1s
  6050K .......... .......... .......... .......... .......... 30%  226M 1s
  6100K .......... .......... .......... .......... .......... 30%  263M 1s
  6150K .......... .......... .......... .......... .......... 30%  232M 1s
  6200K .......... .......... .......... .......... .......... 31%  202M 1s
  6250K .......... .......... .......... .......... .......... 31% 1.91M 1s
  6300K .......... .......... .......... .......... .......... 31%  280M 1s
  6350K .......... .......... .......... .......... .......... 31%  108M 1s
  6400K .......... .......... .......... .......... .......... 32%  207M 1s
  6450K .......... .......... .......... .......... .......... 32%  134M 1s
  6500K .......... .......... .......... .......... .......... 32% 78.5M 1s
  6550K .......... .......... .......... .......... .......... 32% 92.2M 1s
  6600K .......... .......... .......... .......... .......... 33% 88.2M 1s
  6650K .......... .......... .......... .......... .......... 33% 82.4M 1s
  6700K .......... .......... .......... .......... .......... 33% 61.0M 1s
  6750K .......... .......... .......... .......... .......... 33% 3.04M 1s
  6800K .......... .......... .......... .......... .......... 34% 99.1M 1s
  6850K .......... .......... .......... .......... .......... 34%  187M 1s
  6900K .......... .......... .......... .......... .......... 34%  205M 1s
  6950K .......... .......... .......... .......... .......... 34%  190M 1s
  7000K .......... .......... .......... .......... .......... 35% 97.2M 1s
  7050K .......... .......... .......... .......... .......... 35% 90.6M 1s
  7100K .......... .......... .......... .......... .......... 35% 80.3M 1s
  7150K .......... .......... .......... .......... .......... 35% 88.7M 1s
  7200K .......... .......... .......... .......... .......... 36% 3.66M 1s
  7250K .......... .......... .......... .......... .......... 36%  222M 1s
  7300K .......... .......... .......... .......... .......... 36%  117M 1s
  7350K .......... .......... .......... .......... .......... 36%  180M 1s
  7400K .......... .......... .......... .......... .......... 37%  193M 1s
  7450K .......... .......... .......... .......... .......... 37%  222M 1s
  7500K .......... .......... .......... .......... .......... 37%  223M 1s
  7550K .......... .......... .......... .......... .......... 37%  225M 1s
  7600K .......... .......... .......... .......... .......... 38%  226M 1s
  7650K .......... .......... .......... .......... .......... 38% 3.36M 1s
  7700K .......... .......... .......... .......... .......... 38%  254M 1s
  7750K .......... .......... .......... .......... .......... 38%  108M 1s
  7800K .......... .......... .......... .......... .......... 38%  223M 1s
  7850K .......... .......... .......... .......... .......... 39%  229M 1s
  7900K .......... .......... .......... .......... .......... 39%  213M 1s
  7950K .......... .......... .......... .......... .......... 39%  234M 1s
  8000K .......... .......... .......... .......... .......... 39%  238M 1s
  8050K .......... .......... .......... .......... .......... 40%  233M 1s
  8100K .......... .......... .......... .......... .......... 40%  208M 1s
  8150K .......... .......... .......... .......... .......... 40% 2.99M 1s
  8200K .......... .......... .......... .......... .......... 40%  208M 1s
  8250K .......... .......... .......... .......... .......... 41% 98.7M 1s
  8300K .......... .......... .......... .......... .......... 41%  242M 1s
  8350K .......... .......... .......... .......... .......... 41%  247M 1s
  8400K .......... .......... .......... .......... .......... 41%  271M 1s
  8450K .......... .......... .......... .......... .......... 42%  236M 1s
  8500K .......... .......... .......... .......... .......... 42% 92.9M 1s
  8550K .......... .......... .......... .......... .......... 42%  107M 1s
  8600K .......... .......... .......... .......... .......... 42%  111M 1s
  8650K .......... .......... .......... .......... .......... 43% 2.80M 1s
  8700K .......... .......... .......... .......... .......... 43%  213M 1s
  8750K .......... .......... .......... .......... .......... 43%  102M 1s
  8800K .......... .......... .......... .......... .......... 43%  261M 1s
  8850K .......... .......... .......... .......... .......... 44%  266M 1s
  8900K .......... .......... .......... .......... .......... 44%  233M 1s
  8950K .......... .......... .......... .......... .......... 44%  159M 1s
  9000K .......... .......... .......... .......... .......... 44%  111M 1s
  9050K .......... .......... .......... .......... .......... 45%  111M 1s
  9100K .......... .......... .......... .......... .......... 45% 3.65M 1s
  9150K .......... .......... .......... .......... .......... 45% 97.7M 1s
  9200K .......... .......... .......... .......... .......... 45%  220M 1s
  9250K .......... .......... .......... .......... .......... 46%  289M 1s
  9300K .......... .......... .......... .......... .......... 46%  268M 1s
  9350K .......... .......... .......... .......... .......... 46%  177M 1s
  9400K .......... .......... .......... .......... .......... 46%  108M 1s
  9450K .......... .......... .......... .......... .......... 47%  114M 1s
  9500K .......... .......... .......... .......... .......... 47% 3.92M 1s
  9550K .......... .......... .......... .......... .......... 47%  250M 1s
  9600K .......... .......... .......... .......... .......... 47%  105M 1s
  9650K .......... .......... .......... .......... .......... 48%  245M 1s
  9700K .......... .......... .......... .......... .......... 48%  301M 1s
  9750K .......... .......... .......... .......... .......... 48%  261M 1s
  9800K .......... .......... .......... .......... .......... 48%  242M 1s
  9850K .......... .......... .......... .......... .......... 49%  259M 1s
  9900K .......... .......... .......... .......... .......... 49%  264M 1s
  9950K .......... .......... .......... .......... .......... 49% 1.39M 1s
 10000K .......... .......... .......... .......... .......... 49% 91.0M 1s
 10050K .......... .......... .......... .......... .......... 50%  153M 1s
 10100K .......... .......... .......... .......... .......... 50%  271M 1s
 10150K .......... .......... .......... .......... .......... 50%  278M 1s
 10200K .......... .......... .......... .......... .......... 50%  251M 1s
 10250K .......... .......... .......... .......... .......... 51%  171M 1s
 10300K .......... .......... .......... .......... .......... 51% 87.3M 1s
 10350K .......... .......... .......... .......... .......... 51% 80.7M 1s
 10400K .......... .......... .......... .......... .......... 51% 81.9M 1s
 10450K .......... .......... .......... .......... .......... 52% 83.8M 1s
 10500K .......... .......... .......... .......... .......... 52% 88.1M 1s
 10550K .......... .......... .......... .......... .......... 52%  102M 1s
 10600K .......... .......... .......... .......... .......... 52% 81.7M 1s
 10650K .......... .......... .......... .......... .......... 53% 79.9M 1s
 10700K .......... .......... .......... .......... .......... 53% 2.52M 1s
 10750K .......... .......... .......... .......... .......... 53%  192M 1s
 10800K .......... .......... .......... .......... .......... 53% 91.9M 1s
 10850K .......... .......... .......... .......... .......... 54%  256M 1s
 10900K .......... .......... .......... .......... .......... 54%  242M 0s
 10950K .......... .......... .......... .......... .......... 54%  281M 0s
 11000K .......... .......... .......... .......... .......... 54%  282M 0s
 11050K .......... .......... .......... .......... .......... 55%  258M 0s
 11100K .......... .......... .......... .......... .......... 55%  249M 0s
 11150K .......... .......... .......... .......... .......... 55% 2.65M 0s
 11200K .......... .......... .......... .......... .......... 55%  242M 0s
 11250K .......... .......... .......... .......... .......... 56% 78.5M 0s
 11300K .......... .......... .......... .......... .......... 56%  250M 0s
 11350K .......... .......... .......... .......... .......... 56%  128M 0s
 11400K .......... .......... .......... .......... .......... 56%  213M 0s
 11450K .......... .......... .......... .......... .......... 57%  199M 0s
 11500K .......... .......... .......... .......... .......... 57%  213M 0s
 11550K .......... .......... .......... .......... .......... 57%  195M 0s
 11600K .......... .......... .......... .......... .......... 57%  200M 0s
 11650K .......... .......... .......... .......... .......... 58%  201M 0s
 11700K .......... .......... .......... .......... .......... 58%  226M 0s
 11750K .......... .......... .......... .......... .......... 58%  174M 0s
 11800K .......... .......... .......... .......... .......... 58% 94.1M 0s
 11850K .......... .......... .......... .......... .......... 59%  101M 0s
 11900K .......... .......... .......... .......... .......... 59% 49.4M 0s
 11950K .......... .......... .......... .......... .......... 59% 4.80M 0s
 12000K .......... .......... .......... .......... .......... 59%  100M 0s
 12050K .......... .......... .......... .......... .......... 60%  214M 0s
 12100K .......... .......... .......... .......... .......... 60%  206M 0s
 12150K .......... .......... .......... .......... .......... 60%  228M 0s
 12200K .......... .......... .......... .......... .......... 60%  271M 0s
 12250K .......... .......... .......... .......... .......... 61% 5.46M 0s
 12300K .......... .......... .......... .......... .......... 61%  223M 0s
 12350K .......... .......... .......... .......... .......... 61%  123M 0s
 12400K .......... .......... .......... .......... .......... 61%  271M 0s
 12450K .......... .......... .......... .......... .......... 62%  270M 0s
 12500K .......... .......... .......... .......... .......... 62%  215M 0s
 12550K .......... .......... .......... .......... .......... 62% 2.22M 0s
 12600K .......... .......... .......... .......... .......... 62%  273M 0s
 12650K .......... .......... .......... .......... .......... 63% 86.5M 0s
 12700K .......... .......... .......... .......... .......... 63%  262M 0s
 12750K .......... .......... .......... .......... .......... 63%  253M 0s
 12800K .......... .......... .......... .......... .......... 63%  134M 0s
 12850K .......... .......... .......... .......... .......... 64%  154M 0s
 12900K .......... .......... .......... .......... .......... 64% 79.5M 0s
 12950K .......... .......... .......... .......... .......... 64% 85.0M 0s
 13000K .......... .......... .......... .......... .......... 64% 87.8M 0s
 13050K .......... .......... .......... .......... .......... 65% 97.1M 0s
 13100K .......... .......... .......... .......... .......... 65% 91.0M 0s
 13150K .......... .......... .......... .......... .......... 65%  104M 0s
 13200K .......... .......... .......... .......... .......... 65% 98.9M 0s
 13250K .......... .......... .......... .......... .......... 66%  118M 0s
 13300K .......... .......... .......... .......... .......... 66% 93.2M 0s
 13350K .......... .......... .......... .......... .......... 66% 89.2M 0s
 13400K .......... .......... .......... .......... .......... 66% 94.7M 0s
 13450K .......... .......... .......... .......... .......... 67% 98.9M 0s
 13500K .......... .......... .......... .......... .......... 67% 2.01M 0s
 13550K .......... .......... .......... .......... .......... 67%  280M 0s
 13600K .......... .......... .......... .......... .......... 67%  306M 0s
 13650K .......... .......... .......... .......... .......... 68%  138M 0s
 13700K .......... .......... .......... .......... .......... 68%  239M 0s
 13750K .......... .......... .......... .......... .......... 68%  275M 0s
 13800K .......... .......... .......... .......... .......... 68%  260M 0s
 13850K .......... .......... .......... .......... .......... 69%  264M 0s
 13900K .......... .......... .......... .......... .......... 69%  260M 0s
 13950K .......... .......... .......... .......... .......... 69%  252M 0s
 14000K .......... .......... .......... .......... .......... 69%  108M 0s
 14050K .......... .......... .......... .......... .......... 70% 98.2M 0s
 14100K .......... .......... .......... .......... .......... 70% 93.4M 0s
 14150K .......... .......... .......... .......... .......... 70%  108M 0s
 14200K .......... .......... .......... .......... .......... 70%  112M 0s
 14250K .......... .......... .......... .......... .......... 71%  112M 0s
 14300K .......... .......... .......... .......... .......... 71% 99.0M 0s
 14350K .......... .......... .......... .......... .......... 71%  119M 0s
 14400K .......... .......... .......... .......... .......... 71%  107M 0s
 14450K .......... .......... .......... .......... .......... 72% 3.63M 0s
 14500K .......... .......... .......... .......... .......... 72%  244M 0s
 14550K .......... .......... .......... .......... .......... 72% 69.5M 0s
 14600K .......... .......... .......... .......... .......... 72% 91.0M 0s
 14650K .......... .......... .......... .......... .......... 73% 97.1M 0s
 14700K .......... .......... .......... .......... .......... 73% 95.5M 0s
 14750K .......... .......... .......... .......... .......... 73%  102M 0s
 14800K .......... .......... .......... .......... .......... 73% 95.1M 0s
 14850K .......... .......... .......... .......... .......... 74%  112M 0s
 14900K .......... .......... .......... .......... .......... 74% 94.4M 0s
 14950K .......... .......... .......... .......... .......... 74%  110M 0s
 15000K .......... .......... .......... .......... .......... 74%  106M 0s
 15050K .......... .......... .......... .......... .......... 75% 4.82M 0s
 15100K .......... .......... .......... .......... .......... 75%  266M 0s
 15150K .......... .......... .......... .......... .......... 75%  293M 0s
 15200K .......... .......... .......... .......... .......... 75%  312M 0s
 15250K .......... .......... .......... .......... .......... 76%  145M 0s
 15300K .......... .......... .......... .......... .......... 76%  192M 0s
 15350K .......... .......... .......... .......... .......... 76%  228M 0s
 15400K .......... .......... .......... .......... .......... 76% 5.00M 0s
 15450K .......... .......... .......... .......... .......... 76%  135M 0s
 15500K .......... .......... .......... .......... .......... 77%  192M 0s
 15550K .......... .......... .......... .......... .......... 77%  238M 0s
 15600K .......... .......... .......... .......... .......... 77%  240M 0s
 15650K .......... .......... .......... .......... .......... 77%  252M 0s
 15700K .......... .......... .......... .......... .......... 78% 72.6M 0s
 15750K .......... .......... .......... .......... .......... 78% 4.83M 0s
 15800K .......... .......... .......... .......... .......... 78% 94.5M 0s
 15850K .......... .......... .......... .......... .......... 78% 90.5M 0s
 15900K .......... .......... .......... .......... .......... 79% 85.0M 0s
 15950K .......... .......... .......... .......... .......... 79% 90.3M 0s
 16000K .......... .......... .......... .......... .......... 79% 97.2M 0s
 16050K .......... .......... .......... .......... .......... 79%  102M 0s
 16100K .......... .......... .......... .......... .......... 80% 5.37M 0s
 16150K .......... .......... .......... .......... .......... 80%  257M 0s
 16200K .......... .......... .......... .......... .......... 80%  117M 0s
 16250K .......... .......... .......... .......... .......... 80%  235M 0s
 16300K .......... .......... .......... .......... .......... 81%  209M 0s
 16350K .......... .......... .......... .......... .......... 81%  242M 0s
 16400K .......... .......... .......... .......... .......... 81%  245M 0s
 16450K .......... .......... .......... .......... .......... 81% 97.9M 0s
 16500K .......... .......... .......... .......... .......... 82% 5.69M 0s
 16550K .......... .......... .......... .......... .......... 82%  231M 0s
 16600K .......... .......... .......... .......... .......... 82%  245M 0s
 16650K .......... .......... .......... .......... .......... 82%  264M 0s
 16700K .......... .......... .......... .......... .......... 83%  100M 0s
 16750K .......... .......... .......... .......... .......... 83% 5.50M 0s
 16800K .......... .......... .......... .......... .......... 83%  137M 0s
 16850K .......... .......... .......... .......... .......... 83%  239M 0s
 16900K .......... .......... .......... .......... .......... 84%  212M 0s
 16950K .......... .......... .......... .......... .......... 84%  238M 0s
 17000K .......... .......... .......... .......... .......... 84% 6.17M 0s
 17050K .......... .......... .......... .......... .......... 84%  162M 0s
 17100K .......... .......... .......... .......... .......... 85%  214M 0s
 17150K .......... .......... .......... .......... .......... 85%  251M 0s
 17200K .......... .......... .......... .......... .......... 85%  243M 0s
 17250K .......... .......... .......... .......... .......... 85% 4.01M 0s
 17300K .......... .......... .......... .......... .......... 86%  102M 0s
 17350K .......... .......... .......... .......... .......... 86%  236M 0s
 17400K .......... .......... .......... .......... .......... 86%  243M 0s
 17450K .......... .......... .......... .......... .......... 86%  273M 0s
 17500K .......... .......... .......... .......... .......... 87%  231M 0s
 17550K .......... .......... .......... .......... .......... 87%  273M 0s
 17600K .......... .......... .......... .......... .......... 87%  254M 0s
 17650K .......... .......... .......... .......... .......... 87% 5.66M 0s
 17700K .......... .......... .......... .......... .......... 88%  136M 0s
 17750K .......... .......... .......... .......... .......... 88%  284M 0s
 17800K .......... .......... .......... .......... .......... 88%  279M 0s
 17850K .......... .......... .......... .......... .......... 88%  291M 0s
 17900K .......... .......... .......... .......... .......... 89% 5.54M 0s
 17950K .......... .......... .......... .......... .......... 89%  313M 0s
 18000K .......... .......... .......... .......... .......... 89%  167M 0s
 18050K .......... .......... .......... .......... .......... 89%  274M 0s
 18100K .......... .......... .......... .......... .......... 90%  225M 0s
 18150K .......... .......... .......... .......... .......... 90% 5.57M 0s
 18200K .......... .......... .......... .......... .......... 90%  274M 0s
 18250K .......... .......... .......... .......... .......... 90%  158M 0s
 18300K .......... .......... .......... .......... .......... 91%  229M 0s
 18350K .......... .......... .......... .......... .......... 91%  247M 0s
 18400K .......... .......... .......... .......... .......... 91%  273M 0s
 18450K .......... .......... .......... .......... .......... 91%  116M 0s
 18500K .......... .......... .......... .......... .......... 92% 4.67M 0s
 18550K .......... .......... .......... .......... .......... 92%  218M 0s
 18600K .......... .......... .......... .......... .......... 92% 95.1M 0s
 18650K .......... .......... .......... .......... .......... 92% 97.6M 0s
 18700K .......... .......... .......... .......... .......... 93% 84.6M 0s
 18750K .......... .......... .......... .......... .......... 93%  102M 0s
 18800K .......... .......... .......... .......... .......... 93%  105M 0s
 18850K .......... .......... .......... .......... .......... 93% 4.89M 0s
 18900K .......... .......... .......... .......... .......... 94%  224M 0s
 18950K .......... .......... .......... .......... .......... 94%  118M 0s
 19000K .......... .......... .......... .......... .......... 94%  236M 0s
 19050K .......... .......... .......... .......... .......... 94%  257M 0s
 19100K .......... .......... .......... .......... .......... 95%  224M 0s
 19150K .......... .......... .......... .......... .......... 95%  260M 0s
 19200K .......... .......... .......... .......... .......... 95% 2.11M 0s
 19250K .......... .......... .......... .......... .......... 95% 76.0M 0s
 19300K .......... .......... .......... .......... .......... 96% 83.6M 0s
 19350K .......... .......... .......... .......... .......... 96%  109M 0s
 19400K .......... .......... .......... .......... .......... 96%  122M 0s
 19450K .......... .......... .......... .......... .......... 96%  116M 0s
 19500K .......... .......... .......... .......... .......... 97% 99.0M 0s
 19550K .......... .......... .......... .......... .......... 97%  120M 0s
 19600K .......... .......... .......... .......... .......... 97%  121M 0s
 19650K .......... .......... .......... .......... .......... 97%  122M 0s
 19700K .......... .......... .......... .......... .......... 98%  106M 0s
 19750K .......... .......... .......... .......... .......... 98%  122M 0s
 19800K .......... .......... .......... .......... .......... 98%  122M 0s
 19850K .......... .......... .......... .......... .......... 98%  124M 0s
 19900K .......... .......... .......... .......... .......... 99%  112M 0s
 19950K .......... .......... .......... .......... .......... 99%  117M 0s
 20000K .......... .......... .......... .......... .......... 99%  117M 0s
 20050K .......... .......... .......... .......... .......... 99%  123M 0s
 20100K .......... .......... .......... .                    100%  111M=0.9s

2021-09-26 12:12:06 (22.0 MB/s) - ‘/tmp/platform-engine.zip’ saved [20614705/20614705]

Archive:  /tmp/platform-engine.zip
  inflating: /opt/elasticbeanstalk/bin/platform-engine  
  inflating: /opt/elasticbeanstalk/bin/get-config  
  inflating: /opt/elasticbeanstalk/bin/publishlogs  
  inflating: /opt/elasticbeanstalk/config/private/aws-eb-command-handler.conf  
  inflating: /opt/elasticbeanstalk/config/private/aws-eb.target  
  inflating: /opt/elasticbeanstalk/config/private/logtasks/cron/publishlogs  
  inflating: /opt/elasticbeanstalk/config/private/beanstalk-magic  
  inflating: /opt/elasticbeanstalk/config/private/nginx/nginx.conf.template  
  inflating: /opt/elasticbeanstalk/config/private/nginx/staticfilesmapping.conf.template  
  inflating: /opt/elasticbeanstalk/config/private/nginx/applicationport.conf.template  
  inflating: /opt/elasticbeanstalk/config/private/guidlocking/repo.py  
  inflating: /opt/elasticbeanstalk/config/private/systemd-append.template  
  inflating: /opt/elasticbeanstalk/config/private/rsyslog.conf.template  
  inflating: /opt/elasticbeanstalk/config/private/httpd/staticfilesmapping.conf.template  
  inflating: /opt/elasticbeanstalk/config/private/httpd/gzip.conf  
  inflating: /opt/elasticbeanstalk/config/private/httpd/applicationport.conf.template  
  inflating: /opt/elasticbeanstalk/config/private/httpd/httpd.conf.template  
  inflating: /opt/elasticbeanstalk/config/private/ruby_common_env  
  inflating: /opt/elasticbeanstalk/config/private/cfn-hup.conf.template  
  inflating: /opt/elasticbeanstalk/config/private/containercommandsupport/container-defaults.sh  
  inflating: /opt/elasticbeanstalk/config/private/containercommandsupport/leader-test.sh  
  inflating: /opt/elasticbeanstalk/config/private/healthd/logcleanup-cron.template  
  inflating: /opt/elasticbeanstalk/config/private/healthd/config.yaml.template  
  inflating: /opt/elasticbeanstalk/config/private/healthd/healthd_logformat.conf  
  inflating: /opt/elasticbeanstalk/config/private/healthd/healthd_httpd.conf  
  inflating: /opt/elasticbeanstalk/config/private/healthd/healthddependency  
  inflating: /opt/elasticbeanstalk/config/private/healthd/healthd_nginx.conf  
  inflating: /opt/elasticbeanstalk/config/private/eb-banner  
  inflating: /opt/elasticbeanstalk/config/private/systemd.template  
 extracting: /opt/elasticbeanstalk/config/private/restartcfn.sh  
  inflating: /opt/elasticbeanstalk/config/private/cfn-hup-wrapper  
  inflating: /opt/elasticbeanstalk/config/private/sqsd/default.yaml.template  
  inflating: /opt/elasticbeanstalk/config/private/sqsd/sqsdversion.json  
  inflating: /opt/elasticbeanstalk/config/private/logrotate/logrotate.template  
  inflating: /opt/elasticbeanstalk/config/private/logrotate/logrotate-cron.template  
  inflating: /opt/elasticbeanstalk/tasks/bundlelogs.d/cfn-system.conf  
 extracting: /opt/elasticbeanstalk/tasks/bundlelogs.d/cloud-init-system.conf  
  inflating: /opt/elasticbeanstalk/tasks/bundlelogs.d/system.conf  
  inflating: /opt/elasticbeanstalk/tasks/bundlelogs.d/eb-app.conf  
  inflating: /opt/elasticbeanstalk/tasks/bundlelogs.d/eb-system.conf  
 extracting: /opt/elasticbeanstalk/tasks/bundlelogs.d/eb-hooks.conf  
 extracting: /opt/elasticbeanstalk/tasks/bundlelogs.d/rotate.conf  
  inflating: /opt/elasticbeanstalk/tasks/taillogs.d/eb-engine.conf  
 extracting: /opt/elasticbeanstalk/tasks/publishlogs.d/eb-app.conf  
[2021-09-26T12:12:09.809Z] Successfully bootstrapped instance.
[2021-09-26T12:12:09.839Z] Sending signal 0 to CFN wait condition https://cloudformation-waitcondition-ap-southeast-2.s3-ap-southeast-2.amazonaws.com/arn%3Aaws%3Acloudformation%3Aap-southeast-2%3A892743736725%3Astack/awseb-e-gpnpmr42yc-stack/cb89d7e0-1ec2-11ec-8fdc-02ed6fa4bc10/AWSEBInstanceLaunchWaitHandle?X-Amz-Algorithm=AWS4-HMAC-SHA256&X-Amz-Date=20210926T121057Z&X-Amz-SignedHeaders=host&X-Amz-Expires=86399&X-Amz-Credential=AKIAJFPIODYW2LZEHVZA%2F20210926%2Fap-southeast-2%2Fs3%2Faws4_request&X-Amz-Signature=477f35158af1cbfe830bb2d653bce620d34091df1931296ccbe3784db0ac93c5
CloudFormation signaled successfully with %s.
[2021-09-26T12:12:10.633Z] Tailing /var/log/eb-commandprocessor.log

******************* eb-commandprocessor taillog *******************
***eb-commandprocessor is not available yet.***
******************* End of taillog *******************


[2021-09-26T12:12:10.645Z] Tailing /var/log/eb-activity.log

******************* eb-activity taillog *******************
***eb-activity is not available yet.***
******************* End of taillog *******************


[2021-09-26T12:12:10.657Z] Tailing /var/log/eb-tools.log

******************* eb-tools taillog *******************
***eb-tools is not available yet.***
******************* End of taillog *******************


[2021-09-26T12:12:10.677Z] Tailing /var/log/eb-version-deployment.log

******************* eb-version-deployment taillog *******************
***eb-version-deployment is not available yet.***
******************* End of taillog *******************


[2021-09-26T12:12:10.685Z] Tailing /var/log/cfn-init.log

******************* cfn-init taillog *******************
2021-09-26 12:12:05,068 [INFO] -----------------------Starting build-----------------------
2021-09-26 12:12:05,074 [INFO] Running configSets: _OnInstanceBoot
2021-09-26 12:12:05,077 [INFO] Running configSet _OnInstanceBoot
2021-09-26 12:12:05,079 [INFO] Running config AWSEBBaseConfig
2021-09-26 12:12:05,260 [INFO] Command clearbackupfiles succeeded
2021-09-26 12:12:05,264 [INFO] Running config AWSEBCfnHupEndpointOverride
2021-09-26 12:12:05,267 [INFO] Command clearbackupfiles succeeded
2021-09-26 12:12:05,269 [INFO] ConfigSets completed
2021-09-26 12:12:05,269 [INFO] -----------------------Build complete-----------------------
******************* End of taillog *******************


[2021-09-26T12:12:10.709Z] Tailing /var/log/cfn-hup.log

******************* cfn-hup taillog *******************
2021-09-26 12:12:10,391 [DEBUG] CloudFormation client initialized with endpoint https://cloudformation.ap-southeast-2.amazonaws.com
2021-09-26 12:12:10,391 [DEBUG] SQS client initialized with endpoint https://sqs.ap-southeast-2.amazonaws.com
2021-09-26 12:12:10,392 [DEBUG] CloudFormation client initialized with endpoint https://cloudformation.ap-southeast-2.amazonaws.com
2021-09-26 12:12:10,392 [DEBUG] Enabled single threading mode.
2021-09-26 12:12:10,392 [DEBUG] Creating /var/lib/cfn-hup/data
2021-09-26 12:12:10,400 [INFO] No umask value specified in config file. Using the default one: 0o22
******************* End of taillog *******************


[2021-09-26T12:12:10.757Z] Completed EB Bootstrapping Script.
+ RESULT=0
+ [[ 0 -ne 0 ]]
+ exit 0
